mode: set
telegram_server/internal/server/server.go:53.29,60.2 1 1
telegram_server/internal/server/server.go:62.39,63.23 1 1
telegram_server/internal/server/server.go:63.23,65.3 1 1
telegram_server/internal/server/server.go:66.2,66.20 1 1
telegram_server/internal/server/server.go:66.20,68.3 1 1
telegram_server/internal/server/server.go:69.2,69.61 1 1
telegram_server/internal/server/server.go:69.61,71.3 1 1
telegram_server/internal/server/server.go:72.2,72.12 1 1
telegram_server/internal/server/server.go:75.57,76.71 1 1
telegram_server/internal/server/server.go:76.71,86.3 5 1
telegram_server/internal/server/server.go:89.52,90.44 1 1
telegram_server/internal/server/server.go:90.44,92.3 1 0
telegram_server/internal/server/server.go:94.2,94.23 1 1
telegram_server/internal/server/server.go:94.23,96.3 1 0
telegram_server/internal/server/server.go:98.2,100.26 2 1
telegram_server/internal/server/server.go:100.26,102.3 1 1
telegram_server/internal/server/server.go:103.2,103.27 1 1
telegram_server/internal/server/server.go:103.27,105.3 1 1
telegram_server/internal/server/server.go:106.2,106.29 1 1
telegram_server/internal/server/server.go:106.29,108.3 1 1
telegram_server/internal/server/server.go:110.2,128.18 4 1
telegram_server/internal/server/server.go:131.40,132.18 1 1
telegram_server/internal/server/server.go:132.18,134.3 1 0
telegram_server/internal/server/server.go:136.2,137.16 2 1
telegram_server/internal/server/server.go:137.16,139.3 1 1
telegram_server/internal/server/server.go:140.2,142.12 2 1
telegram_server/internal/server/server.go:142.12,145.15 3 1
telegram_server/internal/server/server.go:145.15,147.4 1 1
telegram_server/internal/server/server.go:147.9,149.4 1 1
telegram_server/internal/server/server.go:150.3,150.48 1 1
telegram_server/internal/server/server.go:150.48,152.4 1 0
telegram_server/internal/server/server.go:154.2,154.12 1 1
telegram_server/internal/server/server.go:158.76,163.2 4 1
telegram_server/internal/server/server.go:165.76,167.2 1 0
telegram_server/internal/server/server.go:170.62,173.44 2 1
telegram_server/internal/server/server.go:173.44,176.3 2 0
telegram_server/internal/server/server.go:178.2,179.12 2 1
